22.05.2022 10:57:08 sql=[SELECT * from nhanvien] 
22.05.2022 11:07:01 sql=[SELECT * from nhanvien] 
22.05.2022 11:17:32 sql=[SELECT * from nhanvien] 
22.05.2022 11:17:55 sql=[SELECT * from nhanvien] 
22.05.2022 11:20:32 sql=[SELECT * from nhanvien] 
22.05.2022 11:26:16 sql=[SELECT * from nhanvien] 
22.05.2022 11:26:42 sql=[SELECT * from nhanvien] 
22.05.2022 11:26:55 sql=[SELECT * from nhanvien] 
22.05.2022 11:48:04 sql=[SELECT * from nhanvien] 
22.05.2022 11:48:17 sql=[SELECT * from nhanvien] 
22.05.2022 11:49:04 sql=[SELECT * from nhanvien] 
22.05.2022 11:52:42 sql=[SELECT * from nhanvien] 
22.05.2022 11:52:44 sql=[SELECT * from nhanvien] 
22.05.2022 11:54:40 sql=[SELECT * from nhanvien] 
22.05.2022 11:59:44 sql=[SELECT * from nhanvien] 
22.05.2022 11:59:45 sql=[SELECT * from nhanvien] 
22.05.2022 11:59:47 sql=[SELECT * from nhanvien where idEmp = 1] 
22.05.2022 12:02:02 sql=[SELECT * from nhanvien where idEmp = 1] 
22.05.2022 12:04:51 sql=[SELECT * from nhanvien where idEmp = 1] 
22.05.2022 12:09:15 sql=[SELECT * from nhanvien where idEmp = 1] 
22.05.2022 12:09:28 sql=[SELECT * from nhanvien where idEmp = 1] 
22.05.2022 12:09:30 sql=[SELECT * from nhanvien where idEmp = 1] 
22.05.2022 12:09:35 sql=[SELECT * from nhanvien where idEmp = 1] 
22.05.2022 12:09:37 sql=[SELECT * from nhanvien where idEmp = 1] 
22.05.2022 12:10:26 sql=[SELECT * from nhanvien where idEmp = 1] 
22.05.2022 12:11:09 sql=[SELECT * from nhanvien where idEmp = 1] 
22.05.2022 12:12:24 sql=[SELECT * from nhanvien where idEmp = 1] 
22.05.2022 12:13:57 sql=[SELECT * from nhanvien where idEmp = 1] 
22.05.2022 12:18:19 sql=[SELECT * from nhanvien where idEmp = 1] 
22.05.2022 12:18:36 sql=[SELECT * from nhanvien where idEmp = 1] 
22.05.2022 12:18:58 sql=[SELECT * from nhanvien where idEmp = 1] 
22.05.2022 12:19:13 sql=[SELECT * from nhanvien where idEmp = 1] 
22.05.2022 12:19:16 sql=[SELECT * from nhanvien] 
22.05.2022 12:19:19 sql=[SELECT * from nhanvien where idEmp = 1] 
22.05.2022 12:19:23 sql=[SELECT * from nhanvien] 
22.05.2022 12:19:27 sql=[SELECT * from nhanvien where idEmp = 1] 
22.05.2022 12:23:50 sql=[SELECT * from nhanvien] 
22.05.2022 12:23:51 sql=[SELECT * from nhanvien] 
22.05.2022 12:23:53 sql=[SELECT * from nhanvien where idEmp = 1] 
22.05.2022 12:56:05 sql=[SELECT * from nhanvien] 
22.05.2022 12:56:33 sql=[SELECT * from nhanvien] 
22.05.2022 12:56:44 sql=[SELECT * from nhanvien] 
22.05.2022 12:57:15 sql=[SELECT * from nhanvien] 
22.05.2022 12:57:38 sql=[SELECT * from nhanvien] 
22.05.2022 12:59:17 sql=[SELECT * from nhanvien] 
22.05.2022 01:00:20 sql=[SELECT * from nhanvien] 
22.05.2022 01:00:22 sql=[SELECT * from nhanvien where idEmp = 1] 
22.05.2022 01:00:34 sql=[SELECT * from nhanvien where idEmp = ] 
22.05.2022 01:00:34 Khong the select duoc,ERROR=[You have an error in your SQL syntax; check the manual that corresponds to your MariaDB server version for the right syntax to use near '' at line 1] 
22.05.2022 01:00:34 COUNT=[0] 
22.05.2022 01:00:38 sql=[SELECT * from nhanvien where idEmp = 1] 
22.05.2022 01:00:40 sql=[SELECT * from nhanvien] 
22.05.2022 01:01:32 sql=[SELECT * from nhanvien where idEmp = ] 
22.05.2022 01:01:32 Khong the select duoc,ERROR=[You have an error in your SQL syntax; check the manual that corresponds to your MariaDB server version for the right syntax to use near '' at line 1] 
22.05.2022 01:01:32 COUNT=[0] 
22.05.2022 01:01:58 sql=[SELECT * from nhanvien where idEmp = 1] 
22.05.2022 01:03:26 sql=[SELECT * from nhanvien where idEmp = 1] 
22.05.2022 01:03:28 sql=[SELECT * from nhanvien where idEmp = 1] 
22.05.2022 01:03:30 sql=[SELECT * from nhanvien where idEmp = ] 
22.05.2022 01:03:30 Khong the select duoc,ERROR=[You have an error in your SQL syntax; check the manual that corresponds to your MariaDB server version for the right syntax to use near '' at line 1] 
22.05.2022 01:03:30 COUNT=[0] 
22.05.2022 01:03:31 sql=[SELECT * from nhanvien] 
22.05.2022 01:03:34 sql=[SELECT * from nhanvien] 
22.05.2022 01:03:47 sql=[SELECT * from nhanvien] 
22.05.2022 01:03:55 sql=[SELECT * from nhanvien] 
22.05.2022 01:04:07 sql=[SELECT * from nhanvien where idEmp = 1] 
22.05.2022 01:05:36 sql=[SELECT * from nhanvien where idEmp = 1] 
22.05.2022 01:05:42 sql=[SELECT * from nhanvien where idEmp = 1] 
22.05.2022 01:08:23 sql=[SELECT * from nhanvien] 
22.05.2022 01:08:25 sql=[SELECT * from nhanvien where idEmp = 1] 
22.05.2022 01:09:33 sql=[SELECT * from nhanvien where idEmp = 1] 
22.05.2022 01:10:52 sql=[SELECT * from nhanvien where idEmp = 1] 
22.05.2022 01:17:21 sql=[SELECT * from nhanvien] 
22.05.2022 01:17:24 sql=[SELECT * from nhanvien] 
22.05.2022 01:17:27 sql=[SELECT * from nhanvien where idEmp = 1] 
22.05.2022 01:31:27 sql=[SELECT * from nhanvien where idEmp = 1] 
22.05.2022 01:31:37 sql=[SELECT * from nhanvien where idEmp = ] 
22.05.2022 01:31:37 Khong the select duoc,ERROR=[You have an error in your SQL syntax; check the manual that corresponds to your MariaDB server version for the right syntax to use near '' at line 1] 
22.05.2022 01:31:37 COUNT=[0] 
22.05.2022 01:32:12 sql=[SELECT * from nhanvien where idEmp = 1] 
22.05.2022 01:32:13 sql=[SELECT * from nhanvien] 
22.05.2022 01:32:14 sql=[SELECT * from nhanvien] 
22.05.2022 01:32:17 sql=[SELECT * from nhanvien where idEmp = 1] 
22.05.2022 01:32:22 sql=[SELECT * from nhanvien where idEmp = 1] 
22.05.2022 01:34:32 sql=[SELECT * from nhanvien where idEmp = 1] 
22.05.2022 01:34:35 sql=[SELECT * from nhanvien where idEmp = 1] 
22.05.2022 01:34:57 sql=[SELECT * from nhanvien where idEmp = 1] 
22.05.2022 01:34:59 sql=[SELECT * from nhanvien where idEmp = 1] 
22.05.2022 01:35:22 sql=[SELECT * from nhanvien where idEmp = 1] 
22.05.2022 01:35:24 sql=[SELECT * from nhanvien where idEmp = 1] 
22.05.2022 01:36:16 sql=[SELECT * from nhanvien where idEmp = 1] 
22.05.2022 01:36:18 sql=[SELECT * from nhanvien where idEmp = 1] 
22.05.2022 01:37:42 sql=[SELECT * from nhanvien where idEmp = 1] 
22.05.2022 01:37:44 sql=[SELECT * from nhanvien where idEmp = 1] 
22.05.2022 01:37:58 sql=[SELECT * from nhanvien where idEmp = 1] 
22.05.2022 01:38:00 sql=[SELECT * from nhanvien where idEmp = 1] 
22.05.2022 01:40:41 sql=[SELECT * from nhanvien where idEmp = 1] 
22.05.2022 01:40:54 sql=[SELECT * from nhanvien where idEmp = 1] 
22.05.2022 01:40:55 sql=[SELECT * from nhanvien where idEmp = 1] 
22.05.2022 01:41:18 sql=[SELECT * from nhanvien where idEmp = 1] 
22.05.2022 01:41:20 sql=[SELECT * from nhanvien where idEmp = 1] 
22.05.2022 01:41:46 sql=[SELECT * from nhanvien where idEmp = 1] 
22.05.2022 01:41:48 sql=[SELECT * from nhanvien where idEmp = 1] 
22.05.2022 01:42:51 sql=[SELECT * from nhanvien where idEmp = 1] 
22.05.2022 01:42:53 sql=[SELECT * from nhanvien where idEmp = 1] 
22.05.2022 01:42:54 sql=[SELECT * from nhanvien where idEmp = 1] 
22.05.2022 01:44:28 sql=[SELECT * from nhanvien where idEmp = 1] 
22.05.2022 01:44:29 sql=[SELECT * from nhanvien where idEmp = 1] 
22.05.2022 01:44:30 sql=[SELECT * from nhanvien where idEmp = 1] 
22.05.2022 01:45:06 sql=[SELECT * from nhanvien where idEmp = 1] 
22.05.2022 01:45:08 sql=[SELECT * from nhanvien where idEmp = 1] 
22.05.2022 01:49:55 sql=[SELECT * from nhanvien where idEmp = 1] 
22.05.2022 01:49:56 sql=[SELECT * from nhanvien where idEmp = 1] 
22.05.2022 01:50:01 sql=[SELECT * from nhanvien where idEmp = 1] 
22.05.2022 01:50:01 <!-- sql=[update nhanvien set name=n'Phạm Nga',phoneEmp=n'92847350',CMTEmp=n'135347899',emailEmp=n'phamnga@gmail.com',sexEmp=n'Nữ',addressEmp=n'Vĩnh Hạ Sơn Công Hà Nội',salaryEmp=n'564565',statusEmp=n'1'  where idEmp=1] --> 
22.05.2022 01:50:18 sql=[SELECT * from nhanvien where idEmp = 1] 
22.05.2022 01:50:23 sql=[SELECT * from nhanvien where idEmp = 1] 
22.05.2022 01:50:23 <!-- sql=[update nhanvien set name=n'Phạm Nga',phoneEmp=n'92847350',CMTEmp=n'135347899',emailEmp=n'phamnga@gmail.com',sexEmp=n'Nữ',addressEmp=n'Vĩnh Hạ Sơn Công Hà Nội',salaryEmp=n'4564564564',statusEmp=n'1'  where idEmp=1] --> 
22.05.2022 01:51:50 sql=[SELECT * from nhanvien where idEmp = 1] 
22.05.2022 01:51:54 sql=[SELECT * from nhanvien where idEmp = 1] 
22.05.2022 01:51:54 <!-- sql=[update nhanvien set name=n'Phạm Nga',phoneEmp=n'92847350',CMTEmp=n'135347899',emailEmp=n'phamnga@gmail.com',sexEmp=n'Nữ',addressEmp=n'Vĩnh Hạ Sơn Công Hà Nội',salaryEmp=n'123123',statusEmp=n'1'  where idEmp=1] --> 
22.05.2022 01:51:54 sql=[SELECT * from nhanvien where idEmp = 1] 
22.05.2022 01:52:18 sql=[SELECT * from nhanvien where idEmp = 1] 
22.05.2022 01:52:26 sql=[SELECT * from nhanvien where idEmp = 1] 
22.05.2022 01:52:26 <!-- sql=[update nhanvien set name=n'Phạm Nga',phoneEmp=n'92847350',CMTEmp=n'135347899',emailEmp=n'phamnga@gmail.com',sexEmp=n'Nữ',addressEmp=n'Vĩnh Hạ Sơn Công Hà Nội',salaryEmp=n'23123120',statusEmp=n'1'  where idEmp=1] --> 
22.05.2022 01:52:26 sql=[SELECT * from nhanvien where idEmp = 1] 
22.05.2022 01:52:31 sql=[SELECT * from nhanvien where idEmp = 1] 
22.05.2022 01:52:31 <!-- sql=[update nhanvien set name=n'Phạm Nga',phoneEmp=n'92847350',CMTEmp=n'135347899',emailEmp=n'phamnga@gmail.com',sexEmp=n'Nữ',addressEmp=n'Vĩnh Hạ Sơn Công Hà Nội',salaryEmp=n'ádasd',statusEmp=n'1'  where idEmp=1] --> 
22.05.2022 01:52:31 sql=[SELECT * from nhanvien where idEmp = 1] 
22.05.2022 01:52:37 sql=[SELECT * from nhanvien where idEmp = 1] 
22.05.2022 01:52:37 <!-- sql=[update nhanvien set name=n'Phạm Nga',phoneEmp=n'92847350',CMTEmp=n'135347899',emailEmp=n'phamnga@gmail.com',sexEmp=n'Nữ',addressEmp=n'Vĩnh Hạ Sơn Công Hà Nội',salaryEmp=n'123',statusEmp=n'1'  where idEmp=1] --> 
22.05.2022 01:52:37 sql=[SELECT * from nhanvien where idEmp = 1] 
22.05.2022 01:53:36 sql=[SELECT * from nhanvien where idEmp = 1] 
22.05.2022 01:53:36 <!-- sql=[update nhanvien set name=n'Phạm Nga',phoneEmp=n'92847350',CMTEmp=n'135347899',emailEmp=n'phamnga@gmail.com',sexEmp=n'Nữ',addressEmp=n'Vĩnh Hạ Sơn Công Hà Nội',salaryEmp=n'124234',statusEmp=n'1'  where idEmp=1] --> 
22.05.2022 01:53:36 sql=[SELECT * from nhanvien where idEmp = 1] 
22.05.2022 01:54:11 sql=[SELECT * from nhanvien where idEmp = 1] 
22.05.2022 01:54:14 sql=[SELECT * from nhanvien where idEmp = 1] 
22.05.2022 01:54:14 <!-- sql=[update nhanvien set name=n'Phạm Nga',phoneEmp=n'92847350',CMTEmp=n'135347899',emailEmp=n'phamnga@gmail.com',sexEmp=n'Nữ',addressEmp=n'Vĩnh Hạ Sơn Công Hà Nội',salaryEmp=n'345',statusEmp=n'1'  where idEmp=1] --> 
22.05.2022 01:54:40 sql=[SELECT * from nhanvien where idEmp = 1] 
22.05.2022 01:54:42 sql=[SELECT * from nhanvien where idEmp = 1] 
22.05.2022 01:54:42 <!-- sql=[update nhanvien set name=n'Phạm Nga',phoneEmp=n'92847350',CMTEmp=n'135347899',emailEmp=n'phamnga@gmail.com',sexEmp=n'Nữ',addressEmp=n'Vĩnh Hạ Sơn Công Hà Nội',salaryEmp=n'1000000000',statusEmp=n'1'  where idEmp=1] --> 
22.05.2022 01:55:55 sql=[SELECT * from nhanvien where idEmp = 1] 
22.05.2022 01:55:59 sql=[SELECT * from nhanvien where idEmp = 1] 
22.05.2022 01:55:59 <!-- sql=[update nhanvien set nameEmp=n'Phạm Nga',phoneEmp=n'92847350',CMTEmp=n'135347899',emailEmp=n'phamnga@gmail.com',sexEmp=n'Nữ',addressEmp=n'Vĩnh Hạ Sơn Công Hà Nội',salaryEmp=n'345',statusEmp=n'1'  where idEmp=1] --> 
22.05.2022 01:57:24 sql=[SELECT * from nhanvien where idEmp = 1] 
22.05.2022 01:57:26 sql=[SELECT * from nhanvien where idEmp = 1] 
22.05.2022 01:57:30 sql=[SELECT * from nhanvien where idEmp = 1] 
22.05.2022 01:57:30 <!-- sql=[update nhanvien set nameEmp=n'Phạm Nga',phoneEmp=n'92847350',CMTEmp=n'135347899',emailEmp=n'phamnga@gmail.com',sexEmp=n'Nữ',addressEmp=n'Vĩnh Hạ Sơn Công Hà Nội',salaryEmp=n'56456',statusEmp=n'1'  where idEmp=1] --> 
22.05.2022 01:57:30 sql=[SELECT * from nhanvien] 
22.05.2022 01:57:35 sql=[SELECT * from nhanvien where idEmp = 1] 
22.05.2022 01:57:40 sql=[SELECT * from nhanvien where idEmp = 1] 
22.05.2022 01:57:40 <!-- sql=[update nhanvien set nameEmp=n'Phạm Nga',phoneEmp=n'0123123',CMTEmp=n'135347899',emailEmp=n'phamnga@gmail.com',sexEmp=n'Nữ',addressEmp=n'Vĩnh Hạ Sơn Công Hà Nội',salaryEmp=n'56456',statusEmp=n'1'  where idEmp=1] --> 
22.05.2022 01:57:40 sql=[SELECT * from nhanvien] 
22.05.2022 01:58:29 sql=[SELECT * from nhanvien] 
22.05.2022 01:58:32 sql=[SELECT * from nhanvien where idEmp = 1] 
22.05.2022 06:11:44 sql=[SELECT * from nhanvien] 
22.05.2022 06:11:49 sql=[SELECT * from nhanvien] 
22.05.2022 06:13:07 sql=[SELECT * from nhanvien] 
22.05.2022 06:13:13 sql=[SELECT * from nhanvien] 
22.05.2022 06:13:23 sql=[SELECT * from nhanvien] 
22.05.2022 06:13:26 sql=[SELECT * from nhanvien] 
22.05.2022 06:13:36 sql=[SELECT * from nhanvien] 
22.05.2022 06:13:59 sql=[SELECT * from nhacungcap] 
22.05.2022 06:14:34 sql=[SELECT * from nhacungcap] 
22.05.2022 06:15:28 sql=[SELECT * from nhacungcap] 
22.05.2022 06:15:48 sql=[SELECT * from nhacungcap] 
22.05.2022 06:16:39 sql=[SELECT * from nhacungcap] 
22.05.2022 06:24:43 sql=[SELECT * from khachhang] 
22.05.2022 06:24:45 sql=[SELECT * from khachhang] 
22.05.2022 06:24:47 sql=[SELECT * from nhacungcap] 
22.05.2022 06:24:49 sql=[SELECT * from khachhang] 
23.05.2022 06:08:05 sql=[SELECT * from nhanvien] 
23.05.2022 06:08:13 sql=[SELECT * from nhanvien] 
23.05.2022 06:08:26 sql=[SELECT * from nhanvien] 
23.05.2022 06:08:33 sql=[SELECT * from khachhang] 
23.05.2022 06:08:39 sql=[SELECT * from nhacungcap] 
23.05.2022 06:08:48 sql=[SELECT * from nhacungcap] 
23.05.2022 06:08:54 sql=[SELECT * from nhacungcap] 
23.05.2022 06:09:00 sql=[SELECT * from nhanvien] 
23.05.2022 06:09:03 sql=[SELECT * from khachhang] 
23.05.2022 06:09:41 sql=[SELECT * from nhanvien] 
23.05.2022 06:09:51 sql=[SELECT * from nhanvien] 
23.05.2022 06:09:56 sql=[SELECT * from nhanvien] 
23.05.2022 06:09:59 sql=[SELECT * from nhanvien where idEmp = 1] 
23.05.2022 06:10:06 sql=[SELECT * from nhanvien] 
23.05.2022 06:11:30 sql=[SELECT * from nhanvien] 
23.05.2022 06:11:30 sql=[SELECT * from nhanvien] 
23.05.2022 06:11:35 sql=[SELECT * from nhanvien] 
23.05.2022 06:12:19 sql=[SELECT * from nhanvien] 
23.05.2022 06:12:22 sql=[SELECT * from nhanvien] 
23.05.2022 06:12:48 sql=[SELECT * from nhanvien] 
23.05.2022 06:12:49 sql=[SELECT * from nhanvien] 
23.05.2022 06:12:50 sql=[SELECT * from nhanvien] 
23.05.2022 06:13:18 sql=[SELECT * from nhanvien] 
23.05.2022 06:13:53 sql=[SELECT * from nhanvien] 
23.05.2022 06:15:39 sql=[SELECT * from nhanvien] 
23.05.2022 06:15:40 sql=[SELECT * from nhanvien] 
23.05.2022 06:15:55 sql=[SELECT * from nhanvien] 
23.05.2022 06:15:56 sql=[SELECT * from nhanvien] 
23.05.2022 06:15:56 sql=[SELECT * from nhanvien] 
23.05.2022 06:16:05 sql=[SELECT * from nhanvien] 
23.05.2022 06:16:35 sql=[SELECT * from nhanvien] 
23.05.2022 06:16:37 sql=[SELECT * from nhanvien] 
23.05.2022 06:16:37 sql=[SELECT * from nhanvien] 
23.05.2022 06:16:59 sql=[SELECT * from nhanvien] 
23.05.2022 06:17:12 sql=[SELECT * from nhanvien] 
23.05.2022 06:17:23 sql=[SELECT * from nhanvien] 
23.05.2022 06:17:39 sql=[SELECT * from nhanvien] 
23.05.2022 06:17:41 sql=[SELECT * from nhanvien] 
23.05.2022 06:17:46 sql=[SELECT * from nhanvien] 
23.05.2022 06:35:03 sql=[SELECT * from nhanvien] 
23.05.2022 06:35:04 sql=[SELECT * from nhanvien] 
23.05.2022 06:35:07 sql=[SELECT * from khachhang] 
23.05.2022 06:35:13 sql=[SELECT * from nhacungcap] 
23.05.2022 06:35:16 sql=[SELECT * from nhacungcap] 
23.05.2022 06:35:17 sql=[SELECT * from nhacungcap] 
23.05.2022 06:35:18 sql=[SELECT * from khachhang] 
23.05.2022 06:35:20 sql=[SELECT * from nhacungcap] 
23.05.2022 06:35:21 sql=[SELECT * from khachhang] 
23.05.2022 06:35:25 sql=[SELECT * from nhanvien] 
23.05.2022 06:36:32 sql=[SELECT * from nhanvien] 
23.05.2022 06:37:19 sql=[SELECT * from nhanvien] 
23.05.2022 06:37:22 sql=[SELECT * from nhanvien] 
23.05.2022 06:38:12 sql=[SELECT * from nhanvien] 
23.05.2022 06:38:14 sql=[SELECT * from khachhang] 
23.05.2022 06:39:52 sql=[SELECT * from khachhang] 
23.05.2022 06:39:54 sql=[SELECT * from khachhang] 
23.05.2022 06:40:00 sql=[SELECT * from khachhang] 
23.05.2022 06:40:01 sql=[SELECT * from nhanvien] 
23.05.2022 06:40:03 sql=[SELECT * from khachhang] 
23.05.2022 06:40:05 sql=[SELECT * from khachhang] 
23.05.2022 06:40:06 sql=[SELECT * from nhanvien] 
23.05.2022 06:40:08 sql=[SELECT * from khachhang] 
23.05.2022 06:40:55 sql=[SELECT * from khachhang] 
23.05.2022 08:41:54 sql=[SELECT * from nhacungcap] 
23.05.2022 08:41:56 sql=[SELECT * from khachhang] 
23.05.2022 08:41:59 sql=[SELECT * from khachhang] 
23.05.2022 08:42:00 sql=[SELECT * from nhacungcap] 
23.05.2022 08:42:06 sql=[SELECT * from nhacungcap] 
23.05.2022 08:42:12 sql=[SELECT * from nhacungcap] 
23.05.2022 08:42:45 sql=[SELECT * from khachhang] 
23.05.2022 08:42:50 sql=[SELECT * from nhacungcap] 
23.05.2022 08:47:07 sql=[SELECT * from nhacungcap] 
23.05.2022 08:47:12 sql=[SELECT * from nhacungcap] 
23.05.2022 08:47:16 sql=[SELECT * from nhacungcap] 
23.05.2022 08:50:45 sql=[SELECT * from nhacungcap] 
23.05.2022 08:50:47 sql=[SELECT * from khachhang] 
23.05.2022 08:50:50 sql=[SELECT * from khachhang] 
23.05.2022 08:50:53 sql=[SELECT * from khachhang] 
23.05.2022 08:58:57 sql=[SELECT * from nhacungcap] 
23.05.2022 08:59:03 sql=[SELECT * from nhanvien] 
23.05.2022 09:04:59 sql=[SELECT * from nhanvien] 
23.05.2022 09:12:20 sql=[SELECT * from nhanvien] 
23.05.2022 09:16:40 sql=[SELECT * from nhanvien] 
23.05.2022 09:16:43 sql=[SELECT * from khachhang] 
23.05.2022 09:16:44 sql=[SELECT * from nhacungcap] 
23.05.2022 09:16:57 sql=[SELECT * from nhacungcap] 
23.05.2022 09:16:59 sql=[SELECT * from nhanvien] 
23.05.2022 09:17:01 sql=[SELECT * from nhacungcap] 
23.05.2022 09:17:51 sql=[SELECT * from nhacungcap] 
23.05.2022 09:22:08 sql=[SELECT * from nhacungcap] 
23.05.2022 09:22:09 sql=[SELECT * from nhacungcap] 
23.05.2022 09:22:09 sql=[SELECT * from nhacungcap] 
23.05.2022 09:22:10 sql=[SELECT * from nhanvien] 
23.05.2022 09:22:11 sql=[SELECT * from sanpham] 
23.05.2022 09:22:13 sql=[SELECT * from sanpham] 
23.05.2022 09:22:15 sql=[SELECT * from khachhang] 
23.05.2022 09:22:16 sql=[SELECT * from nhacungcap] 
23.05.2022 09:29:53 sql=[SELECT * from nhacungcap] 
23.05.2022 09:29:55 sql=[SELECT * from nhacungcap] 
23.05.2022 09:29:57 sql=[SELECT * from sanpham] 
23.05.2022 09:31:29 sql=[SELECT * from duan] 
23.05.2022 05:22:13 sql=[SELECT * from nhanvien] 
23.05.2022 05:22:45 sql=[SELECT * from khachhang] 
23.05.2022 05:23:24 sql=[SELECT * from khachhang] 
23.05.2022 05:30:00 sql=[SELECT * from khachhang] 
23.05.2022 05:30:02 sql=[SELECT * from nhacungcap] 
23.05.2022 05:30:04 sql=[SELECT * from khachhang] 
23.05.2022 05:30:06 sql=[SELECT * from sanpham] 
23.05.2022 05:30:11 sql=[SELECT * from sanpham] 
23.05.2022 05:30:13 sql=[SELECT * from nhanvien] 
23.05.2022 05:30:14 sql=[SELECT * from sanpham] 
23.05.2022 05:44:21 sql=[SELECT * from nhanvien] 
23.05.2022 05:44:32 sql=[SELECT * from sanpham] 
23.05.2022 05:58:38 sql=[SELECT * from nhanvien] 
23.05.2022 05:58:44 sql=[SELECT * from khachhang] 
23.05.2022 05:58:46 sql=[SELECT * from nhacungcap] 
23.05.2022 05:58:49 sql=[SELECT * from khachhang] 
23.05.2022 05:58:50 sql=[SELECT * from sanpham] 
23.05.2022 05:58:51 sql=[SELECT * from nhanvien] 
23.05.2022 05:58:53 sql=[SELECT * from sanpham] 
23.05.2022 05:58:55 sql=[SELECT * from nhacungcap] 
23.05.2022 05:58:57 sql=[SELECT * from nhanvien] 
23.05.2022 05:59:01 sql=[SELECT * from nhanvien where idEmp = 1] 
23.05.2022 05:59:04 sql=[SELECT * from nhanvien] 
23.05.2022 06:07:54 sql=[SELECT * from nhacungcap] 
23.05.2022 06:16:38 sql=[SELECT * from nhacungcap] 
23.05.2022 06:16:39 sql=[SELECT * from nhanvien] 
23.05.2022 06:16:58 sql=[SELECT * from nhanvien] 
23.05.2022 06:17:26 sql=[SELECT * from nhanvien] 
23.05.2022 06:18:54 sql=[SELECT * from nhanvien] 
23.05.2022 06:19:43 sql=[SELECT * from nhanvien] 
23.05.2022 06:20:52 sql=[SELECT * from nhanvien] 
23.05.2022 06:21:17 sql=[SELECT * from nhanvien] 
23.05.2022 06:22:11 sql=[SELECT * from nhanvien] 
23.05.2022 06:23:59 sql=[SELECT * from nhanvien] 
23.05.2022 06:24:23 sql=[SELECT * from nhanvien] 
23.05.2022 06:24:45 sql=[SELECT * from nhanvien] 
23.05.2022 06:25:16 sql=[SELECT * from nhanvien] 
23.05.2022 06:26:51 sql=[SELECT * from nhanvien] 
23.05.2022 06:27:55 sql=[SELECT * from nhanvien] 
23.05.2022 06:30:38 sql=[SELECT * from nhanvien] 
23.05.2022 06:31:23 sql=[SELECT * from nhanvien] 
23.05.2022 06:31:49 sql=[SELECT * from nhanvien] 
23.05.2022 06:32:38 sql=[SELECT * from nhanvien] 
23.05.2022 06:35:37 sql=[SELECT * from nhanvien] 
23.05.2022 06:37:28 sql=[SELECT * from nhanvien] 
23.05.2022 06:37:54 sql=[SELECT * from nhanvien] 
23.05.2022 06:38:21 sql=[SELECT * from nhanvien] 
23.05.2022 06:43:11 sql=[SELECT * from nhanvien] 
23.05.2022 06:43:12 sql=[SELECT * from nhanvien] 
23.05.2022 06:43:19 sql=[SELECT * from nhanvien] 
23.05.2022 06:45:01 sql=[SELECT * from nhanvien] 
23.05.2022 06:45:02 sql=[SELECT * from nhanvien] 
23.05.2022 06:48:30 sql=[SELECT * from nhanvien] 
23.05.2022 06:48:33 sql=[SELECT * from nhanvien] 
23.05.2022 06:51:08 sql=[SELECT * from nhanvien] 
23.05.2022 06:51:09 sql=[SELECT * from nhanvien] 
23.05.2022 06:52:41 sql=[SELECT * from nhanvien] 
23.05.2022 06:52:43 sql=[SELECT * from nhanvien] 
23.05.2022 06:54:34 sql=[SELECT * from nhanvien] 
23.05.2022 06:54:35 sql=[SELECT * from nhanvien] 
23.05.2022 06:56:53 sql=[SELECT * from nhanvien] 
23.05.2022 06:56:54 sql=[SELECT * from nhanvien] 
23.05.2022 07:00:37 sql=[SELECT * from nhanvien] 
23.05.2022 07:01:46 sql=[SELECT * from nhanvien] 
23.05.2022 07:01:50 sql=[SELECT * from nhanvien] 
23.05.2022 07:09:17 sql=[SELECT * from nhanvien] 
23.05.2022 07:09:19 sql=[SELECT * from nhanvien] 
23.05.2022 07:10:02 sql=[SELECT * from nhanvien] 
23.05.2022 07:10:04 sql=[SELECT * from nhanvien] 
23.05.2022 07:11:05 sql=[SELECT * from nhanvien] 
23.05.2022 07:11:06 sql=[SELECT * from nhanvien] 
23.05.2022 07:11:48 sql=[SELECT * from nhanvien] 
23.05.2022 07:12:53 sql=[SELECT * from nhanvien] 
23.05.2022 07:13:42 sql=[SELECT * from nhanvien] 
23.05.2022 07:14:07 <!-- sql=[] --> 
23.05.2022 07:15:44 sql=[SELECT * from nhanvien] 
23.05.2022 07:15:45 sql=[SELECT * from nhanvien] 
23.05.2022 07:16:00 <!-- sql=[insert into nhanvien (nameEmp,avatarEmp,phoneEmp,CMTEmp,emailEmp,sexEmp,addressEmp,salaryEmp) values ('lamvanthai','assets/imgsAdmin/imgEmployee/toisung-20220523-071600.jpg','0904907825','1231231','lamvanthai@gmail.com','Nam','12312321312','12312312312')] --> 
23.05.2022 07:16:05 sql=[SELECT * from khachhang] 
23.05.2022 07:16:07 sql=[SELECT * from nhanvien] 
23.05.2022 07:17:26 <!-- sql=[insert into nhanvien (nameEmp,avatarEmp,phoneEmp,CMTEmp,emailEmp,sexEmp,addressEmp,salaryEmp) values ('Lâm Văn Thái','assets/imgsAdmin/imgEmployee/toisung-20220523-071726.jpg','0904907825','1231231','lamvanthai0609@gmail.com','Nam','12312321312','564565')] --> 
23.05.2022 07:17:26 sql=[SELECT * from nhanvien] 
